#
# There is insufficient memory for the Java Runtime Environment to continue.
# Native memory allocation (malloc) failed to allocate 1048576 bytes for AllocateHeap
# Possible reasons:
#   The system is out of physical RAM or swap space
#   The process is running with CompressedOops enabled, and the Java Heap may be blocking the growth of the native heap
# Possible solutions:
#   Reduce memory load on the system
#   Increase physical memory or swap space
#   Check if swap backing store is full
#   Decrease Java heap size (-Xmx/-Xms)
#   Decrease number of Java threads
#   Decrease Java thread stack sizes (-Xss)
#   Set larger code cache with -XX:ReservedCodeCacheSize=
#   JVM is running with Unscaled Compressed Oops mode in which the Java heap is
#     placed in the first 4GB address space. The Java Heap base address is the
#     maximum limit for the native heap growth. Please use -XX:HeapBaseMinAddress
#     to set the Java Heap base and to place the Java Heap above 4GB virtual address.
# This output file may be truncated or incomplete.
#
#  Out of Memory Error (memory/allocation.inline.hpp:61), pid=29604, tid=0x00000000000073e0
#
# JRE version:  (8.0_211-b12) (build )
# Java VM: Java HotSpot(TM) 64-Bit Server VM (25.211-b12 mixed mode windows-amd64 compressed oops)
# Failed to write core dump. Minidumps are not enabled by default on client versions of Windows
#

---------------  T H R E A D  ---------------

Current thread (0x000000000269e000):  JavaThread "Unknown thread" [_thread_in_vm, id=29664, stack(0x0000000002aa0000,0x0000000002ba0000)]

Stack: [0x0000000002aa0000,0x0000000002ba0000]
[error occurred during error reporting (printing stack bounds), id 0xc0000005]

Native frames: (J=compiled Java code, j=interpreted, Vv=VM code, C=native code)


---------------  P R O C E S S  ---------------

Java Threads: ( => current thread )

Other Threads:

=>0x000000000269e000 (exited) JavaThread "Unknown thread" [_thread_in_vm, id=29664, stack(0x0000000002aa0000,0x0000000002ba0000)]

VM state:not at safepoint (normal execution)

VM Mutex/Monitor currently owned by a thread: None

heap address: 0x00000000c1c00000, size: 996 MB, Compressed Oops mode: 32-bit
Narrow klass base: 0x0000000000000000, Narrow klass shift: 3
Compressed class space size: 1073741824 Address: 0x0000000100000000

Heap:
 PSYoungGen      total 18944K, used 327K [0x00000000eb400000, 0x00000000ec900000, 0x0000000100000000)
  eden space 16384K, 2% used [0x00000000eb400000,0x00000000eb451ec8,0x00000000ec400000)
  from space 2560K, 0% used [0x00000000ec680000,0x00000000ec680000,0x00000000ec900000)
  to   space 2560K, 0% used [0x00000000ec400000,0x00000000ec400000,0x00000000ec680000)
 ParOldGen       total 44032K, used 0K [0x00000000c1c00000, 0x00000000c4700000, 0x00000000eb400000)
  object space 44032K, 0% used [0x00000000c1c00000,0x00000000c1c00000,0x00000000c4700000)
 Metaspace       used 775K, capacity 4480K, committed 4480K, reserved 1056768K
  class space    used 76K, capacity 384K, committed 384K, reserved 1048576K

Card table byte_map: [0x0000000012060000,0x0000000012260000] byte_map_base: 0x0000000011a52000

Marking Bits: (ParMarkBitMap*) 0x0000000058af5ce0
 Begin Bits: [0x0000000012bb0000, 0x0000000013b40000)
 End Bits:   [0x0000000013b40000, 0x0000000014ad0000)

Polling page: 0x0000000000e10000

CodeCache: size=245760Kb used=328Kb max_used=328Kb free=245431Kb
 bounds [0x0000000002ca0000, 0x0000000002f10000, 0x0000000011ca0000]
 total_blobs=58 nmethods=0 adapters=38
 compilation: enabled

Compilation events (0 events):
No events

GC Heap History (0 events):
No events

Deoptimization events (0 events):
No events

Classes redefined (0 events):
No events

Internal exceptions (0 events):
No events

Events (10 events):
Event: 0.024 loading class java/lang/Short
Event: 0.024 loading class java/lang/Short done
Event: 0.024 loading class java/lang/Integer
Event: 0.024 loading class java/lang/Integer done
Event: 0.024 loading class java/lang/Long
Event: 0.024 loading class java/lang/Long done
Event: 0.024 loading class java/lang/NullPointerException
Event: 0.025 loading class java/lang/NullPointerException done
Event: 0.025 loading class java/lang/ArithmeticException
Event: 0.025 loading class java/lang/ArithmeticException done


Dynamic libraries:
0x00007ff7b1500000 - 0x00007ff7b1537000 	C:\Program Files\Java\jdk1.8.0_211\bin\javaw.exe
0x00007ffb66cc0000 - 0x00007ffb66eb0000 	C:\WINDOWS\SYSTEM32\ntdll.dll
0x00007ffb65080000 - 0x00007ffb65132000 	C:\WINDOWS\System32\KERNEL32.DLL
0x00007ffb63df0000 - 0x00007ffb64094000 	C:\WINDOWS\System32\KERNELBASE.dll
0x00007ffb64fd0000 - 0x00007ffb65073000 	C:\WINDOWS\System32\ADVAPI32.dll
0x00007ffb663f0000 - 0x00007ffb6648e000 	C:\WINDOWS\System32\msvcrt.dll
0x00007ffb65890000 - 0x00007ffb65927000 	C:\WINDOWS\System32\sechost.dll
0x00007ffb65770000 - 0x00007ffb65890000 	C:\WINDOWS\System32\RPCRT4.dll
0x00007ffb65520000 - 0x00007ffb656b4000 	C:\WINDOWS\System32\USER32.dll
0x00007ffb64950000 - 0x00007ffb64971000 	C:\WINDOWS\System32\win32u.dll
0x00007ffb64f30000 - 0x00007ffb64f56000 	C:\WINDOWS\System32\GDI32.dll
0x00007ffb64bd0000 - 0x00007ffb64d66000 	C:\WINDOWS\System32\gdi32full.dll
0x00007ffb64120000 - 0x00007ffb641be000 	C:\WINDOWS\System32\msvcp_win.dll
0x00007ffb64980000 - 0x00007ffb64a7a000 	C:\WINDOWS\System32\ucrtbase.dll
0x00007ffb52870000 - 0x00007ffb52af4000 	C:\WINDOWS\WinSxS\amd64_microsoft.windows.common-controls_6595b64144ccf1df_6.0.18362.959_none_e6c7bbbf130c62bb\COMCTL32.dll
0x00007ffb65170000 - 0x00007ffb654a5000 	C:\WINDOWS\System32\combase.dll
0x00007ffb64b50000 - 0x00007ffb64bd0000 	C:\WINDOWS\System32\bcryptPrimitives.dll
0x00007ffb65140000 - 0x00007ffb6516e000 	C:\WINDOWS\System32\IMM32.DLL
0x000000005a5b0000 - 0x000000005a682000 	C:\Program Files\Java\jdk1.8.0_211\jre\bin\msvcr100.dll
0x00000000582d0000 - 0x0000000058b75000 	C:\Program Files\Java\jdk1.8.0_211\jre\bin\server\jvm.dll
0x00007ffb64fc0000 - 0x00007ffb64fc8000 	C:\WINDOWS\System32\PSAPI.DLL
0x00007ffb61c20000 - 0x00007ffb61c44000 	C:\WINDOWS\SYSTEM32\WINMM.dll
0x00007ffb53f70000 - 0x00007ffb53f79000 	C:\WINDOWS\SYSTEM32\WSOCK32.dll
0x00007ffb5e430000 - 0x00007ffb5e43a000 	C:\WINDOWS\SYSTEM32\VERSION.dll
0x00007ffb65bb0000 - 0x00007ffb65c1f000 	C:\WINDOWS\System32\WS2_32.dll
0x00007ffb61bf0000 - 0x00007ffb61c1d000 	C:\WINDOWS\SYSTEM32\winmmbase.dll
0x00007ffb640d0000 - 0x00007ffb6411a000 	C:\WINDOWS\System32\cfgmgr32.dll
0x00007ffb60480000 - 0x00007ffb6048f000 	C:\Program Files\Java\jdk1.8.0_211\jre\bin\verify.dll
0x00007ffb52bf0000 - 0x00007ffb52c19000 	C:\Program Files\Java\jdk1.8.0_211\jre\bin\java.dll
0x00007ffb56bf0000 - 0x00007ffb56c06000 	C:\Program Files\Java\jdk1.8.0_211\jre\bin\zip.dll

VM Arguments:
jvm_args: -Dfile.encoding=GBK 
java_command: Lesson03
java_class_path (initial): F:\A ckg.JAVA\Xiangmu1\bin
Launcher Type: SUN_STANDARD

Environment Variables:
JAVA_HOME=C:\Program Files\Java\jdk1.8.0_211
CLASSPATH=.;C:\Program Files\Java\jdk1.8.0_211\lib;C:\Program Files\Java\jdk1.8.0_211\lib\tools.jar
PATH=C:/Program Files/Java/jdk1.8.0_211/bin/../jre/bin/server;C:/Program Files/Java/jdk1.8.0_211/bin/../jre/bin;C:/Program Files/Java/jdk1.8.0_211/bin/../jre/lib/amd64;C:\Program Files\Java\jdk1.8.0_211\bin;C:\Program Files\Java\jre1.8.0_211\bin;C:\Program Files (x86)\Intel\iCLS Client\;C:\Program Files\Intel\iCLS Client\;C:\Windows\system32;C:\Windows;C:\Windows\System32\Wbem;C:\Windows\System32\WindowsPowerShell\v1.0\;C:\Program Files (x86)\NVIDIA Corporation\PhysX\Common;C:\Program Files (x86)\Intel\Intel(R) Management Engine Components\DAL;C:\Program Files\Intel\Intel(R) Management Engine Components\DAL;C:\Program Files (x86)\Intel\Intel(R) Management Engine Components\IPT;C:\Program Files\Intel\Intel(R) Management Engine Components\IPT;C:\WINDOWS\system32;C:\WINDOWS;C:\WINDOWS\System32\Wbem;C:\WINDOWS\System32\WindowsPowerShell\v1.0\;C:\WINDOWS\System32\OpenSSH\;C:\Program Files\NVIDIA Corporation\NVIDIA NvDLISR;C:\Program Files\Git\cmd;C:\Users\ASUS\AppData\Local\Microsoft\WindowsApps;;F:\A ckg.JAVA\eclipse;
USERNAME=ASUS
OS=Windows_NT
PROCESSOR_IDENTIFIER=Intel64 Family 6 Model 142 Stepping 10, GenuineIntel



---------------  S Y S T E M  ---------------

OS: Windows 10.0 , 64 bit Build 18362 (10.0.18362.959)

CPU:total 8 (initial active 8) (4 cores per cpu, 2 threads per core) family 6 model 142 stepping 10, cmov, cx8, fxsr, mmx, sse, sse2, sse3, ssse3, sse4.1, sse4.2, popcnt, avx, avx2, aes, clmul, erms, 3dnowpref, lzcnt, ht, tsc, tscinvbit, bmi1, bmi2, adx

Memory: 4k page, physical 4078356k(257928k free), swap 16661268k(5376k free)

vm_info: Java HotSpot(TM) 64-Bit Server VM (25.211-b12) for windows-amd64 JRE (1.8.0_211-b12), built on Apr  1 2019 20:53:26 by "java_re" with MS VC++ 10.0 (VS2010)

time: Mon Jul 27 15:52:41 2020
timezone: 中国标准时间
elapsed time: 0 seconds (0d 0h 0m 0s)

